TN:
SF:src\apollo\resolvers\user.mutation.resolver.ts
FN:11,register
FNF:1
FNH:1
FNDA:3,register
DA:1,1
DA:2,1
DA:3,1
DA:4,1
DA:5,1
DA:6,1
DA:7,1
DA:8,1
DA:9,1
DA:10,1
DA:11,1
DA:12,3
DA:13,3
DA:14,3
DA:15,3
DA:16,3
DA:17,2
DA:18,2
DA:19,1
DA:20,1
DA:21,3
DA:22,3
DA:23,1
LF:23
LH:23
BRDA:11,0,0,3
BRDA:15,1,0,3
BRDA:16,2,0,2
BRDA:16,3,0,2
BRDA:19,4,0,1
BRF:5
BRH:5
end_of_record
TN:
SF:src\apollo\resolvers\user.query.resolver.ts
FN:5,users
FNF:1
FNH:0
FNDA:0,users
DA:1,1
DA:2,1
DA:3,1
DA:4,1
DA:5,1
DA:6,0
DA:7,0
DA:8,1
DA:9,1
LF:9
LH:7
BRF:0
BRH:0
end_of_record
TN:
SF:src\apollo\typeDefs\mutation.ts
FNF:0
FNH:0
DA:1,1
DA:2,1
DA:3,1
DA:4,1
DA:5,1
LF:5
LH:5
BRF:0
BRH:0
end_of_record
TN:
SF:src\apollo\typeDefs\query.ts
FNF:0
FNH:0
DA:1,1
DA:2,1
DA:3,1
DA:4,1
DA:5,1
DA:6,1
LF:6
LH:6
BRF:0
BRH:0
end_of_record
TN:
SF:src\apollo\typeDefs\user.ts
FNF:0
FNH:0
DA:1,1
DA:2,1
DA:3,1
DA:4,1
DA:5,1
DA:6,1
DA:7,1
DA:8,1
LF:8
LH:8
BRF:0
BRH:0
end_of_record
TN:
SF:src\framework\app.ts
FN:14,App
FN:18,attachMiddleware
FN:23,attachRouter
FNF:3
FNH:3
FNDA:5,App
FNDA:2,attachMiddleware
FNDA:2,attachRouter
DA:1,1
DA:2,1
DA:3,1
DA:4,1
DA:5,1
DA:6,1
DA:7,1
DA:8,1
DA:9,1
DA:10,1
DA:11,1
DA:12,1
DA:13,1
DA:14,1
DA:15,5
DA:16,5
DA:17,1
DA:18,1
DA:19,2
DA:20,1
DA:21,1
DA:22,1
DA:23,1
DA:24,2
DA:25,1
DA:26,1
DA:27,1
LF:27
LH:27
BRDA:14,0,0,5
BRDA:18,1,0,2
BRDA:19,2,0,1
BRDA:23,3,0,2
BRDA:24,4,0,1
BRF:5
BRH:5
end_of_record
TN:
SF:src\framework\errors.ts
FNF:0
FNH:0
DA:1,1
DA:2,1
DA:3,1
DA:4,1
DA:5,1
DA:6,1
DA:7,1
DA:8,1
DA:9,1
LF:9
LH:9
BRF:0
BRH:0
end_of_record
TN:
SF:src\framework\server.ts
FN:16,Server
FN:21,start
FNF:2
FNH:2
FNDA:4,Server
FNDA:3,start
DA:1,1
DA:2,1
DA:3,1
DA:4,1
DA:5,1
DA:6,1
DA:7,1
DA:8,1
DA:9,1
DA:10,1
DA:11,1
DA:12,1
DA:13,1
DA:14,1
DA:15,1
DA:16,1
DA:17,4
DA:18,4
DA:19,4
DA:20,1
DA:21,1
DA:22,3
DA:23,3
DA:24,3
DA:25,3
DA:26,2
DA:27,2
DA:28,2
DA:29,2
DA:30,2
DA:31,2
DA:32,2
DA:33,2
DA:34,3
DA:35,1
DA:36,1
DA:37,3
DA:38,1
LF:38
LH:38
BRDA:16,0,0,4
BRDA:21,1,0,3
BRDA:23,2,0,0
BRDA:26,3,0,2
BRDA:34,4,0,1
BRF:5
BRH:4
end_of_record
TN:
SF:src\helpers\client.ts
FNF:0
FNH:0
DA:1,1
DA:2,1
DA:3,1
DA:4,1
DA:5,1
LF:5
LH:5
BRF:0
BRH:0
end_of_record
TN:
SF:src\helpers\genClient.ts
FN:1,(empty-report)
FNF:1
FNH:0
FNDA:0,(empty-report)
DA:1,0
DA:2,0
DA:3,0
DA:4,0
DA:5,0
DA:6,0
DA:7,0
DA:8,0
DA:9,0
DA:10,0
DA:11,0
DA:12,0
DA:13,0
DA:14,0
DA:15,0
DA:16,0
DA:17,0
DA:18,0
DA:19,0
DA:20,0
LF:20
LH:0
BRDA:1,0,0,0
BRF:1
BRH:0
end_of_record
TN:
SF:src\helpers\logger.ts
FNF:0
FNH:0
DA:1,1
DA:2,1
DA:3,1
DA:4,1
DA:5,1
DA:6,1
DA:7,1
DA:8,1
DA:9,1
DA:10,1
DA:11,1
DA:12,1
DA:13,1
DA:14,1
DA:15,1
DA:16,1
DA:17,1
DA:18,1
DA:19,1
DA:20,1
DA:21,1
DA:22,1
DA:23,1
DA:24,1
DA:25,1
LF:25
LH:25
BRF:0
BRH:0
end_of_record
TN:
SF:src\helpers\resolverWrapper.ts
FN:13,resolverWrapper
FNF:1
FNH:1
FNDA:3,resolverWrapper
DA:1,1
DA:2,1
DA:3,1
DA:4,1
DA:5,1
DA:6,1
DA:7,1
DA:8,1
DA:9,1
DA:10,1
DA:11,1
DA:12,1
DA:13,1
DA:14,3
DA:15,3
DA:16,3
DA:17,3
DA:18,3
DA:19,2
DA:20,2
DA:21,2
DA:22,2
DA:23,1
DA:24,1
DA:25,1
DA:26,1
DA:27,1
DA:28,1
DA:29,1
DA:30,1
DA:31,1
DA:32,1
DA:33,1
DA:34,1
DA:35,1
DA:36,0
DA:37,0
DA:38,0
DA:39,0
DA:40,0
DA:41,0
DA:42,0
DA:43,0
DA:44,0
DA:45,0
DA:46,0
DA:47,0
DA:48,0
DA:49,0
DA:50,0
DA:51,0
DA:52,0
DA:53,0
DA:54,0
DA:55,2
DA:56,3
LF:56
LH:37
BRDA:13,0,0,3
BRDA:16,1,0,3
BRDA:18,2,0,0
BRDA:19,3,0,2
BRDA:22,4,0,1
BRDA:35,5,0,0
BRDA:18,6,0,5
BRF:7
BRH:5
end_of_record
TN:
SF:src\middleware\authenticateClient.ts
FN:6,authenticateClient
FNF:1
FNH:1
FNDA:3,authenticateClient
DA:1,1
DA:2,1
DA:3,1
DA:4,1
DA:5,1
DA:6,1
DA:7,2
DA:8,2
DA:9,0
DA:10,0
DA:11,2
DA:12,2
DA:13,2
DA:14,2
DA:15,2
DA:16,2
DA:17,2
DA:18,2
DA:19,2
DA:20,2
LF:20
LH:18
BRDA:6,0,0,3
BRDA:6,1,0,2
BRDA:6,2,0,2
BRDA:8,3,0,0
BRDA:19,4,0,0
BRF:5
BRH:3
end_of_record
TN:
SF:src\repositories\clientApp.repository.ts
FN:8,ClientAppRepository
FN:12,get
FN:16,create
FNF:3
FNH:2
FNDA:1,ClientAppRepository
FNDA:2,get
FNDA:0,create
DA:1,1
DA:2,1
DA:3,1
DA:4,1
DA:5,1
DA:6,1
DA:7,1
DA:8,1
DA:9,1
DA:10,1
DA:11,1
DA:12,1
DA:13,2
DA:14,2
DA:15,1
DA:16,1
DA:17,0
DA:18,0
DA:19,0
DA:20,0
DA:21,0
DA:22,0
DA:23,0
DA:24,1
LF:24
LH:17
BRDA:8,0,0,1
BRDA:12,1,0,2
BRF:2
BRH:2
end_of_record
TN:
SF:src\repositories\user.repository.ts
FN:8,UserRepository
FN:12,create
FNF:2
FNH:2
FNDA:3,UserRepository
FNDA:3,create
DA:1,1
DA:2,1
DA:3,1
DA:4,1
DA:5,1
DA:6,1
DA:7,1
DA:8,1
DA:9,3
DA:10,3
DA:11,1
DA:12,1
DA:13,3
DA:14,3
DA:15,3
DA:16,3
DA:17,3
DA:18,2
DA:19,2
DA:20,1
LF:20
LH:20
BRDA:8,0,0,3
BRDA:12,1,0,3
BRDA:18,2,0,2
BRF:3
BRH:3
end_of_record
TN:
SF:src\requestSchemas\register.request.ts
FNF:0
FNH:0
DA:1,1
DA:2,1
DA:3,1
DA:4,1
DA:5,1
DA:6,1
DA:7,1
LF:7
LH:7
BRF:0
BRH:0
end_of_record
TN:
SF:src\services\clientApp.service.ts
FN:11,ClientAppService
FN:17,registerApp
FN:25,verifySecret
FNF:3
FNH:2
FNDA:1,ClientAppService
FNDA:0,registerApp
FNDA:2,verifySecret
DA:1,1
DA:2,1
DA:3,1
DA:4,1
DA:5,1
DA:6,1
DA:7,1
DA:8,1
DA:9,1
DA:10,1
DA:11,1
DA:12,1
DA:13,1
DA:14,1
DA:15,1
DA:16,1
DA:17,1
DA:18,0
DA:19,0
DA:20,0
DA:21,0
DA:22,0
DA:23,0
DA:24,1
DA:25,1
DA:26,2
DA:27,2
DA:28,2
DA:29,2
DA:30,2
DA:31,1
LF:31
LH:25
BRDA:11,0,0,1
BRDA:25,1,0,2
BRDA:27,2,0,0
BRF:3
BRH:2
end_of_record
TN:
SF:src\services\mail.service.ts
FN:14,MailService
FN:22,send
FNF:2
FNH:2
FNDA:4,MailService
FNDA:2,send
DA:1,1
DA:2,1
DA:3,1
DA:4,1
DA:5,1
DA:6,1
DA:7,1
DA:8,1
DA:9,1
DA:10,1
DA:11,1
DA:12,1
DA:13,1
DA:14,1
DA:15,4
DA:16,4
DA:17,4
DA:18,4
DA:19,4
DA:20,4
DA:21,1
DA:22,1
DA:23,2
DA:24,2
DA:25,2
DA:26,2
DA:27,2
DA:28,2
DA:29,1
LF:29
LH:29
BRDA:14,0,0,4
BRDA:22,1,0,2
BRF:2
BRH:2
end_of_record
TN:
SF:src\services\user.service.ts
FN:12,UserService
FN:19,register
FNF:2
FNH:2
FNDA:2,UserService
FNDA:3,register
DA:1,1
DA:2,1
DA:3,1
DA:4,1
DA:5,1
DA:6,1
DA:7,1
DA:8,1
DA:9,1
DA:10,1
DA:11,1
DA:12,1
DA:13,2
DA:14,2
DA:15,2
DA:16,2
DA:17,2
DA:18,1
DA:19,1
DA:20,3
DA:21,2
DA:22,2
DA:23,2
DA:24,1
LF:24
LH:24
BRDA:12,0,0,2
BRDA:19,1,0,3
BRDA:21,2,0,2
BRF:3
BRH:3
end_of_record
TN:
SF:src\services\verification.service.ts
FN:9,VerificationService
FN:13,generateHOTPCode
FN:26,createToken
FN:34,sendVerificationEmail
FNF:4
FNH:4
FNDA:4,VerificationService
FNDA:3,generateHOTPCode
FNDA:3,createToken
FNDA:2,sendVerificationEmail
DA:1,1
DA:2,1
DA:3,1
DA:4,1
DA:5,1
DA:6,1
DA:7,1
DA:8,1
DA:9,1
DA:10,4
DA:11,4
DA:12,1
DA:13,1
DA:14,3
DA:15,3
DA:16,3
DA:17,3
DA:18,3
DA:19,3
DA:20,3
DA:21,3
DA:22,3
DA:23,3
DA:24,3
DA:25,1
DA:26,1
DA:27,3
DA:28,3
DA:29,3
DA:30,3
DA:31,3
DA:32,3
DA:33,1
DA:34,1
DA:35,2
DA:36,2
DA:37,2
DA:38,2
DA:39,2
DA:40,2
DA:41,2
DA:42,2
DA:43,2
DA:44,2
DA:45,2
DA:46,1
LF:46
LH:46
BRDA:9,0,0,4
BRDA:13,1,0,3
BRDA:26,2,0,3
BRDA:34,3,0,2
BRF:4
BRH:4
end_of_record
TN:
SF:src\types\userTypes.ts
FN:1,(empty-report)
FNF:1
FNH:0
FNDA:0,(empty-report)
DA:1,0
DA:2,0
DA:3,0
DA:4,0
DA:5,0
LF:5
LH:0
BRDA:1,0,0,0
BRF:1
BRH:0
end_of_record
